[26-Aug-2022 11:19:22] NOTICE: fpm is running, pid 57684
[26-Aug-2022 11:19:22] NOTICE: ready to handle connections
[26-Aug-2022 11:25:21] NOTICE: Terminating ...
[26-Aug-2022 11:25:21] NOTICE: Terminating ...
[26-Aug-2022 11:25:21] NOTICE: exiting, bye-bye!
[26-Aug-2022 17:41:20] NOTICE: fpm is running, pid 61161
[26-Aug-2022 17:41:20] NOTICE: ready to handle connections
[28-Aug-2022 12:00:19] NOTICE: Terminating ...
[28-Aug-2022 12:00:19] NOTICE: Terminating ...
[28-Aug-2022 12:00:19] NOTICE: exiting, bye-bye!
[14-Sep-2022 18:34:00] NOTICE: fpm is running, pid 1642
[14-Sep-2022 18:34:00] NOTICE: ready to handle connections
[14-Sep-2022 21:32:20] NOTICE: Terminating ...
[14-Sep-2022 21:32:20] NOTICE: Terminating ...
[14-Sep-2022 21:32:20] NOTICE: exiting, bye-bye!
[20-Sep-2022 19:40:38] NOTICE: fpm is running, pid 55456
[20-Sep-2022 19:40:38] NOTICE: ready to handle connections
[21-Sep-2022 07:58:38] NOTICE: fpm is running, pid 97799
[21-Sep-2022 07:58:38] NOTICE: ready to handle connections
[21-Sep-2022 08:19:55] NOTICE: Terminating ...
[21-Sep-2022 08:19:55] NOTICE: Terminating ...
[21-Sep-2022 08:19:55] NOTICE: exiting, bye-bye!
[22-Sep-2022 07:50:28] NOTICE: fpm is running, pid 26010
[22-Sep-2022 07:50:28] NOTICE: ready to handle connections
[22-Sep-2022 08:25:36] NOTICE: Terminating ...
[22-Sep-2022 08:25:36] NOTICE: Terminating ...
[22-Sep-2022 08:25:36] NOTICE: exiting, bye-bye!
[28-Sep-2022 18:37:34] NOTICE: fpm is running, pid 27310
[28-Sep-2022 18:37:34] NOTICE: ready to handle connections
[29-Sep-2022 11:25:57] NOTICE: Terminating ...
[29-Sep-2022 11:25:57] NOTICE: Terminating ...
[29-Sep-2022 11:25:57] NOTICE: exiting, bye-bye!
[30-Sep-2022 07:27:28] NOTICE: fpm is running, pid 15386
[30-Sep-2022 07:27:28] NOTICE: ready to handle connections
[30-Sep-2022 12:34:41] NOTICE: Terminating ...
[30-Sep-2022 12:34:41] NOTICE: Terminating ...
[30-Sep-2022 12:34:41] NOTICE: exiting, bye-bye!
[21-Nov-2022 11:03:15] NOTICE: fpm is running, pid 51685
[21-Nov-2022 11:03:15] NOTICE: ready to handle connections
[16-Jun-2023 16:15:09] NOTICE: fpm is running, pid 28945
[16-Jun-2023 16:15:09] NOTICE: ready to handle connections
